<?xml version="1.0" encoding="UTF-8"?>
<!-- Generated by org.testng.reporters.JUnitXMLReporter -->
<testsuite hostname="DESKTOP-JCSSE19" ignored="0" name="Surefire test" tests="4" failures="0" timestamp="2021-12-28T21:19:38 CET" time="0.042" errors="0">
  <testcase name="Test1" time="0.003" classname="AppiumProject.JavaAppium.Test1"/>
  <testcase name="Test2" time="0.0" classname="AppiumProject.JavaAppium.Test1"/>
  <testcase name="Test1" time="0.0" classname="AppiumProject.JavaAppium.Test2"/>
  <testcase name="Test2" time="0.0" classname="AppiumProject.JavaAppium.Test2"/>
</testsuite> <!-- Surefire test -->
