<?xml version="1.0" encoding="UTF-8"?>
<!-- Generated by org.testng.reporters.JUnitXMLReporter -->
<testsuite hostname="DESKTOP-JCSSE19" ignored="0" name="Surefire test" tests="5" failures="2" timestamp="2022-01-09T20:30:24 CET" time="118.886" errors="0">
  <testcase name="ButtonTest1" time="26.443" classname="AppiumProject.JavaAppium.ButtonTest">
    <failure type="java.lang.AssertionError" message="expected [false] but found [true]">
      <![CDATA[java.lang.AssertionError: expected [false] but found [true]
at AppiumProject.JavaAppium.ButtonTest.ButtonTest1(ButtonTest.java:40)
at java.util.ArrayList.forEach(ArrayList.java:1259)
... Removed 38 stack frames]]>
    </failure>
  </testcase> <!-- ButtonTest1 -->
  <testcase name="ScrollTest1" time="20.351" classname="AppiumProject.JavaAppium.ScrollTest"/>
  <testcase name="Swipe" time="30.681" classname="AppiumProject.JavaAppium.SwipeTest"/>
  <testcase name="Swipe" time="29.29" classname="AppiumProject.JavaAppium.SwipeTest"/>
  <testcase name="Text" time="0.001" classname="AppiumProject.JavaAppium.TextTest">
    <failure type="org.testng.internal.reflect.MethodMatcherException" message="
[public void AppiumProject.JavaAppium.TextTest.Text(java.lang.String) throws java.io.IOException,java.lang.InterruptedException] has no parameters defined but was found to be using a data provider (either explicitly specified or inherited from class level annotation).
Data provider mismatch
Method: Text([Parameter{index=0, type=java.lang.String, declaredAnnotations=[]}])
Arguments: [(java.lang.String) 10,(java.lang.String) 25,(java.lang.String) 55]">
      <![CDATA[org.testng.internal.reflect.MethodMatcherException: 
[public void AppiumProject.JavaAppium.TextTest.Text(java.lang.String) throws java.io.IOException,java.lang.InterruptedException] has no parameters defined but was found to be using a data provider (either explicitly specified or inherited from class level annotation).
Data provider mismatch
Method: Text([Parameter{index=0, type=java.lang.String, declaredAnnotations=[]}])
Arguments: [(java.lang.String) 10,(java.lang.String) 25,(java.lang.String) 55]
at java.util.ArrayList.forEach(ArrayList.java:1259)
... Removed 27 stack frames]]>
    </failure>
  </testcase> <!-- Text -->
</testsuite> <!-- Surefire test -->
