<?xml version="1.0" encoding="UTF-8"?>
<!-- Generated by org.testng.reporters.JUnitXMLReporter -->
<testsuite hostname="DESKTOP-JCSSE19" ignored="0" name="Test" tests="4" failures="0" timestamp="2021-12-29T18:06:52 CET" time="42.579" errors="0">
  <testcase name="Swipe" time="19.186" classname="AppiumProject.JavaAppium.SwipeTest"/>
  <testcase name="Text" time="13.226" classname="AppiumProject.JavaAppium.TextTest"/>
  <testcase name="test1" time="0.001" classname="AppiumProject.JavaAppium.Print2Test"/>
  <testcase name="test2" time="0.001" classname="AppiumProject.JavaAppium.Print2Test"/>
</testsuite> <!-- Test -->
