<?xml version="1.0" encoding="UTF-8"?>
<testng-results skipped="0" failed="0" ignored="0" total="4" passed="4">
  <reporter-output>
  </reporter-output>
  <suite name="Surefire suite" duration-ms="42" started-at="2021-12-28T21:19:38 CET" finished-at="2021-12-28T21:19:38 CET">
    <groups>
    </groups>
    <test name="Surefire test" duration-ms="42" started-at="2021-12-28T21:19:38 CET" finished-at="2021-12-28T21:19:38 CET">
      <class name="AppiumProject.JavaAppium.Test2">
        <test-method status="PASS" signature="Test1()[pri:0, instance:AppiumProject.JavaAppium.Test2@527740a2]" name="Test1" duration-ms="0" started-at="2021-12-28T21:19:38 CET" finished-at="2021-12-28T21:19:38 CET">
          <reporter-output>
          </reporter-output>
        </test-method> <!-- Test1 -->
        <test-method status="PASS" signature="Test2()[pri:0, instance:AppiumProject.JavaAppium.Test2@527740a2]" name="Test2" duration-ms="0" started-at="2021-12-28T21:19:38 CET" finished-at="2021-12-28T21:19:38 CET">
          <reporter-output>
          </reporter-output>
        </test-method> <!-- Test2 -->
      </class> <!-- AppiumProject.JavaAppium.Test2 -->
      <class name="AppiumProject.JavaAppium.Test1">
        <test-method status="PASS" signature="Test1()[pri:0, instance:AppiumProject.JavaAppium.Test1@5ec0a365]" name="Test1" duration-ms="3" started-at="2021-12-28T21:19:38 CET" finished-at="2021-12-28T21:19:38 CET">
          <reporter-output>
          </reporter-output>
        </test-method> <!-- Test1 -->
        <test-method status="PASS" signature="Test2()[pri:0, instance:AppiumProject.JavaAppium.Test1@5ec0a365]" name="Test2" duration-ms="0" started-at="2021-12-28T21:19:38 CET" finished-at="2021-12-28T21:19:38 CET">
          <reporter-output>
          </reporter-output>
        </test-method> <!-- Test2 -->
      </class> <!-- AppiumProject.JavaAppium.Test1 -->
    </test> <!-- Surefire test -->
  </suite> <!-- Surefire suite -->
</testng-results>
