<?xml version="1.0" encoding="UTF-8"?>
<testng-results skipped="0" failed="0" ignored="0" total="1" passed="1">
  <reporter-output>
  </reporter-output>
  <suite name="Surefire suite" duration-ms="20385" started-at="2021-12-28T22:37:51 CET" finished-at="2021-12-28T22:38:11 CET">
    <groups>
    </groups>
    <test name="Surefire test" duration-ms="20385" started-at="2021-12-28T22:37:51 CET" finished-at="2021-12-28T22:38:11 CET">
      <class name="AppiumProject.JavaAppium.SwipeTest">
        <test-method status="PASS" signature="test1()[pri:0, instance:AppiumProject.JavaAppium.SwipeTest@1e965684]" name="test1" duration-ms="20351" started-at="2021-12-28T22:37:51 CET" finished-at="2021-12-28T22:38:11 CET">
          <reporter-output>
          </reporter-output>
        </test-method> <!-- test1 -->
      </class> <!-- AppiumProject.JavaAppium.SwipeTest -->
    </test> <!-- Surefire test -->
  </suite> <!-- Surefire suite -->
</testng-results>
