<?xml version="1.0" encoding="UTF-8"?>
<testsuite xmlns:xsi="http://www.w3.org/2001/XMLSchema-instance" xsi:noNamespaceSchemaLocation="https://maven.apache.org/surefire/maven-surefire-plugin/xsd/surefire-test-report.xsd" name="TestSuite" time="0.623" tests="4" errors="0" skipped="0" failures="0">
  <properties>
[...]
</properties>
  <testcase name="Test1" classname="AppiumProject.JavaAppium.Test1" time="0.004"/>
  <testcase name="Test2" classname="AppiumProject.JavaAppium.Test1" time="0.001"/>
  <testcase name="Test1" classname="AppiumProject.JavaAppium.Test2" time="0"/>
  <testcase name="Test2" classname="AppiumProject.JavaAppium.Test2" time="0.001"/>
</testsuite>