<?xml version="1.0" encoding="UTF-8"?>
<testng-results skipped="0" failed="0" ignored="0" total="2" passed="2">
  <reporter-output>
  </reporter-output>
  <suite name="Default suite" duration-ms="49" started-at="2021-12-28T20:47:55 CET" finished-at="2021-12-28T20:47:55 CET">
    <groups>
    </groups>
    <test name="Default test" duration-ms="49" started-at="2021-12-28T20:47:55 CET" finished-at="2021-12-28T20:47:55 CET">
      <class name="AppiumProject.JavaAppium.Test1">
        <test-method status="PASS" signature="Test1()[pri:0, instance:AppiumProject.JavaAppium.Test1@33c7e1bb]" name="Test1" duration-ms="8" started-at="2021-12-28T20:47:55 CET" finished-at="2021-12-28T20:47:55 CET">
          <reporter-output>
          </reporter-output>
        </test-method> <!-- Test1 -->
        <test-method status="PASS" signature="Test2()[pri:0, instance:AppiumProject.JavaAppium.Test1@33c7e1bb]" name="Test2" duration-ms="1" started-at="2021-12-28T20:47:55 CET" finished-at="2021-12-28T20:47:55 CET">
          <reporter-output>
          </reporter-output>
        </test-method> <!-- Test2 -->
      </class> <!-- AppiumProject.JavaAppium.Test1 -->
    </test> <!-- Default test -->
  </suite> <!-- Default suite -->
</testng-results>
